<?xml version="1.0" encoding="UTF-8"?>
<!-- Generated by org.testng.reporters.JUnitXMLReporter -->
<testsuite hostname="Toshiba-PC-TOSH" ignored="0" name="Default test" tests="3" failures="0" timestamp="27 Apr 2018 05:41:43 GMT" time="199.938" errors="0">
  <testcase name="ValidateCreateOwner" time="9.343" classname="org.springframework.samples.petclinic.qa.testcases.AddOwnerPageTest"/>
  <testcase name="ValidateCreateOwner" time="5.438" classname="org.springframework.samples.petclinic.qa.testcases.AddOwnerPageTest"/>
  <testcase name="validatetitle" time="121.055" classname="org.springframework.samples.petclinic.qa.testcases.AddOwnerPageTest"/>
</testsuite> <!-- Default test -->
