<?xml version="1.0" encoding="UTF-8"?>
<!-- Generated by org.testng.reporters.JUnitXMLReporter -->
<testsuite hostname="Toshiba-PC-TOSH" ignored="0" name="Default test" tests="2" failures="0" timestamp="13 Apr 2018 11:23:29 GMT" time="96.158" errors="0">
  <testcase name="ValidateCreateOwner" time="21.343" classname="org.springframework.samples.petclinic.qa.testcases.AddOwnerPageTest"/>
  <testcase name="ValidateCreateOwner" time="9.704" classname="org.springframework.samples.petclinic.qa.testcases.AddOwnerPageTest"/>
</testsuite> <!-- Default test -->
