<?xml version="1.0" encoding="UTF-8"?>
<!-- Generated by org.testng.reporters.JUnitXMLReporter -->
<testsuite hostname="Toshiba-PC-TOSH" ignored="0" name="Test" tests="2" failures="0" timestamp="27 Apr 2018 05:11:39 GMT" time="44.12" errors="0">
  <testcase name="ValidateCreateOwner" time="5.287" classname="org.springframework.samples.petclinic.qa.testcases.AddOwnerPageTest"/>
  <testcase name="ValidateCreateOwner" time="5.678" classname="org.springframework.samples.petclinic.qa.testcases.AddOwnerPageTest"/>
</testsuite> <!-- Test -->
