<?xml version="1.0" encoding="UTF-8"?>
<!-- Generated by org.testng.reporters.JUnitXMLReporter -->
<testsuite hostname="Toshiba-PC-TOSH" ignored="0" name="Test(failed)" tests="2" failures="2" timestamp="27 Apr 2018 04:59:19 GMT" time="52.385" errors="0">
  <testcase name="ValidateCreateOwner" time="7.072" classname="org.springframework.samples.petclinic.qa.testcases.AddOwnerPageTest">
    <failure type="java.lang.AssertionError" message="expected [Owner Information] but found [PetClinic :: a Spring Framework demonstration]">
      <![CDATA[java.lang.AssertionError: expected [Owner Information] but found [PetClinic :: a Spring Framework demonstration]at org.springframework.samples.petclinic.qa.pages.AddOwnerPage.verifytitle(AddOwnerPage.java:64)at org.springframework.samples.petclinic.qa.testcases.AddOwnerPageTest.ValidateCreateOwner(AddOwnerPageTest.java:54)... Removed 31 stack frames]]>
    </failure>
  </testcase> <!-- ValidateCreateOwner -->
  <testcase name="ValidateCreateOwner" time="7.965" classname="org.springframework.samples.petclinic.qa.testcases.AddOwnerPageTest">
    <failure type="java.lang.AssertionError" message="expected [Owner Information] but found [PetClinic :: a Spring Framework demonstration]">
      <![CDATA[java.lang.AssertionError: expected [Owner Information] but found [PetClinic :: a Spring Framework demonstration]at org.springframework.samples.petclinic.qa.pages.AddOwnerPage.verifytitle(AddOwnerPage.java:64)at org.springframework.samples.petclinic.qa.testcases.AddOwnerPageTest.ValidateCreateOwner(AddOwnerPageTest.java:54)... Removed 31 stack frames]]>
    </failure>
  </testcase> <!-- ValidateCreateOwner -->
</testsuite> <!-- Test(failed) -->
