<?xml version="1.0" encoding="UTF-8"?>
<testng-results skipped="0" failed="0" ignored="0" total="3" passed="3">
  <reporter-output>
  </reporter-output>
  <suite name="Default suite" duration-ms="199938" started-at="2018-04-27T05:38:23Z" finished-at="2018-04-27T05:41:43Z">
    <groups>
    </groups>
    <test name="Default test" duration-ms="199938" started-at="2018-04-27T05:38:23Z" finished-at="2018-04-27T05:41:43Z">
      <class name="org.springframework.samples.petclinic.qa.testcases.AddOwnerPageTest">
        <test-method status="PASS" signature="setup()[pri:0, instance:org.springframework.samples.petclinic.qa.testcases.AddOwnerPageTest@3e84448c]" name="setup" is-config="true" duration-ms="38608" started-at="2018-04-27T11:08:25Z" finished-at="2018-04-27T11:09:03Z">
          <reporter-output>
          </reporter-output>
        </test-method> <!-- setup -->
        <test-method status="PASS" signature="ValidateCreateOwner(java.lang.String, java.lang.String, java.lang.String, java.lang.String, java.lang.String)[pri:2, instance:org.springframework.samples.petclinic.qa.testcases.AddOwnerPageTest@3e84448c]" name="ValidateCreateOwner" duration-ms="9343" started-at="2018-04-27T11:09:03Z" data-provider="getTesdata" finished-at="2018-04-27T11:09:13Z">
          <params>
            <param index="0">
              <value>
                <![CDATA[kjhjk]]>
              </value>
            </param>
            <param index="1">
              <value>
                <![CDATA[lj]]>
              </value>
            </param>
            <param index="2">
              <value>
                <![CDATA[ojl]]>
              </value>
            </param>
            <param index="3">
              <value>
                <![CDATA[kjk]]>
              </value>
            </param>
            <param index="4">
              <value>
                <![CDATA[44]]>
              </value>
            </param>
          </params>
          <reporter-output>
          </reporter-output>
        </test-method> <!-- ValidateCreateOwner -->
        <test-method status="PASS" signature="tearDown()[pri:0, instance:org.springframework.samples.petclinic.qa.testcases.AddOwnerPageTest@3e84448c]" name="tearDown" is-config="true" duration-ms="80" started-at="2018-04-27T11:09:13Z" finished-at="2018-04-27T11:09:13Z">
          <reporter-output>
          </reporter-output>
        </test-method> <!-- tearDown -->
        <test-method status="PASS" signature="setup()[pri:0, instance:org.springframework.samples.petclinic.qa.testcases.AddOwnerPageTest@3e84448c]" name="setup" is-config="true" duration-ms="11419" started-at="2018-04-27T11:09:13Z" finished-at="2018-04-27T11:09:24Z">
          <reporter-output>
          </reporter-output>
        </test-method> <!-- setup -->
        <test-method status="PASS" signature="ValidateCreateOwner(java.lang.String, java.lang.String, java.lang.String, java.lang.String, java.lang.String)[pri:2, instance:org.springframework.samples.petclinic.qa.testcases.AddOwnerPageTest@3e84448c]" name="ValidateCreateOwner" duration-ms="5438" started-at="2018-04-27T11:09:24Z" data-provider="getTesdata" finished-at="2018-04-27T11:09:30Z">
          <params>
            <param index="0">
              <value>
                <![CDATA[khjjk]]>
              </value>
            </param>
            <param index="1">
              <value>
                <![CDATA[nbvbn]]>
              </value>
            </param>
            <param index="2">
              <value>
                <![CDATA[bm]]>
              </value>
            </param>
            <param index="3">
              <value>
                <![CDATA[mm]]>
              </value>
            </param>
            <param index="4">
              <value>
                <![CDATA[32]]>
              </value>
            </param>
          </params>
          <reporter-output>
          </reporter-output>
        </test-method> <!-- ValidateCreateOwner -->
        <test-method status="PASS" signature="tearDown()[pri:0, instance:org.springframework.samples.petclinic.qa.testcases.AddOwnerPageTest@3e84448c]" name="tearDown" is-config="true" duration-ms="18" started-at="2018-04-27T11:09:30Z" finished-at="2018-04-27T11:09:30Z">
          <reporter-output>
          </reporter-output>
        </test-method> <!-- tearDown -->
        <test-method status="PASS" signature="setup()[pri:0, instance:org.springframework.samples.petclinic.qa.testcases.AddOwnerPageTest@3e84448c]" name="setup" is-config="true" duration-ms="12144" started-at="2018-04-27T11:09:30Z" finished-at="2018-04-27T11:09:42Z">
          <reporter-output>
          </reporter-output>
        </test-method> <!-- setup -->
        <test-method status="PASS" signature="validatetitle()[pri:3, instance:org.springframework.samples.petclinic.qa.testcases.AddOwnerPageTest@3e84448c]" name="validatetitle" duration-ms="121055" started-at="2018-04-27T11:09:42Z" finished-at="2018-04-27T11:11:43Z">
          <reporter-output>
          </reporter-output>
        </test-method> <!-- validatetitle -->
        <test-method status="PASS" signature="tearDown()[pri:0, instance:org.springframework.samples.petclinic.qa.testcases.AddOwnerPageTest@3e84448c]" name="tearDown" is-config="true" duration-ms="111" started-at="2018-04-27T11:11:43Z" finished-at="2018-04-27T11:11:43Z">
          <reporter-output>
          </reporter-output>
        </test-method> <!-- tearDown -->
      </class> <!-- org.springframework.samples.petclinic.qa.testcases.AddOwnerPageTest -->
    </test> <!-- Default test -->
  </suite> <!-- Default suite -->
</testng-results>
